[debug] [2022-08-05T19:07:45.703Z] ----------------------------------------------------------------------
[debug] [2022-08-05T19:07:45.703Z] Command:       /Users/griffinbaker/.nvm/versions/node/v17.7.2/bin/node /Users/griffinbaker/.nvm/versions/node/v17.7.2/bin/firebase emulators:start --only functions
[debug] [2022-08-05T19:07:45.704Z] CLI Version:   11.4.2
[debug] [2022-08-05T19:07:45.704Z] Platform:      darwin
[debug] [2022-08-05T19:07:45.704Z] Node Version:  v17.7.2
[debug] [2022-08-05T19:07:45.704Z] Time:          Fri Aug 05 2022 14:07:45 GMT-0500 (Central Daylight Time)
[debug] [2022-08-05T19:07:45.705Z] ----------------------------------------------------------------------
[debug] 
[debug] [2022-08-05T19:07:45.732Z] > command requires scopes: ["email","openid","https://www.googleapis.com/auth/cloudplatformprojects.readonly","https://www.googleapis.com/auth/firebase","https://www.googleapis.com/auth/cloud-platform"]
[debug] [2022-08-05T19:07:45.732Z] > authorizing via signed-in user (steez.crusader@gmail.com)
[info] i  emulators: Starting emulators: functions {"metadata":{"emulator":{"name":"hub"},"message":"Starting emulators: functions"}}
[debug] [2022-08-05T19:07:45.741Z] [hub] writing locator at /var/folders/0m/j3j79nvs48q_kxk5tbz1lxvh0000gn/T/hub-mealstogo-cf96a.json
[warn] ⚠  functions: The following emulators are not running, calls to these services from the Functions emulator will affect production: auth, firestore, database, hosting, pubsub, storage {"metadata":{"emulator":{"name":"functions"},"message":"The following emulators are not running, calls to these services from the Functions emulator will affect production: \u001b[1mauth, firestore, database, hosting, pubsub, storage\u001b[22m"}}
[warn] ⚠  Your requested "node" version "16" doesn't match your global version "17". Using node@17 from host. {"metadata":{"emulator":{"name":"functions"},"message":"Your requested \"node\" version \"16\" doesn't match your global version \"17\". Using node@17 from host."}}
[debug] [2022-08-05T19:07:45.756Z] defaultcredentials: writing to file /Users/griffinbaker/.config/firebase/steez_crusader_gmail.com_application_default_credentials.json
[debug] [2022-08-05T19:07:45.757Z] Setting GAC to /Users/griffinbaker/.config/firebase/steez_crusader_gmail.com_application_default_credentials.json {"metadata":{"emulator":{"name":"functions"},"message":"Setting GAC to /Users/griffinbaker/.config/firebase/steez_crusader_gmail.com_application_default_credentials.json"}}
[debug] [2022-08-05T19:07:45.758Z] >>> [apiv2][query] GET https://firebase.googleapis.com/v1beta1/projects/mealstogo-cf96a/adminSdkConfig [none]
[debug] [2022-08-05T19:07:46.005Z] <<< [apiv2][status] GET https://firebase.googleapis.com/v1beta1/projects/mealstogo-cf96a/adminSdkConfig 200
[debug] [2022-08-05T19:07:46.006Z] <<< [apiv2][body] GET https://firebase.googleapis.com/v1beta1/projects/mealstogo-cf96a/adminSdkConfig {"projectId":"mealstogo-cf96a","storageBucket":"mealstogo-cf96a.appspot.com"}
[debug] [2022-08-05T19:07:46.296Z] Ignoring unsupported arg: auto_download {"metadata":{"emulator":{"name":"ui"},"message":"Ignoring unsupported arg: auto_download"}}
[debug] [2022-08-05T19:07:46.296Z] Ignoring unsupported arg: port {"metadata":{"emulator":{"name":"ui"},"message":"Ignoring unsupported arg: port"}}
[debug] [2022-08-05T19:07:46.296Z] Starting Emulator UI with command {"binary":"node","args":["/Users/griffinbaker/.cache/firebase/emulators/ui-v1.8.1/server/server.js"],"optionalArgs":[],"joinArgs":false} {"metadata":{"emulator":{"name":"ui"},"message":"Starting Emulator UI with command {\"binary\":\"node\",\"args\":[\"/Users/griffinbaker/.cache/firebase/emulators/ui-v1.8.1/server/server.js\"],\"optionalArgs\":[],\"joinArgs\":false}"}}
[info] i  ui: Emulator UI logging to ui-debug.log {"metadata":{"emulator":{"name":"ui"},"message":"Emulator UI logging to \u001b[1mui-debug.log\u001b[22m"}}
[debug] [2022-08-05T19:07:46.380Z] Web / API server started at localhost:4000
 {"metadata":{"emulator":{"name":"ui"},"message":"Web / API server started at localhost:4000\n"}}
[info] i  functions: Watching "/Users/griffinbaker/Desktop/meals-to-go/MealsToGo/functions" for Cloud Functions... {"metadata":{"emulator":{"name":"functions"},"message":"Watching \"/Users/griffinbaker/Desktop/meals-to-go/MealsToGo/functions\" for Cloud Functions..."}}
[debug] [2022-08-05T19:07:46.566Z] Validating nodejs source
[debug] [2022-08-05T19:07:47.382Z] > [functions] package.json contents: {
  "name": "functions",
  "description": "Cloud Functions for Firebase",
  "scripts": {
    "serve": "firebase emulators:start --only functions",
    "shell": "firebase functions:shell",
    "start": "npm run shell",
    "deploy": "firebase deploy --only functions",
    "logs": "firebase functions:log"
  },
  "engines": {
    "node": "16"
  },
  "main": "index.js",
  "dependencies": {
    "firebase-admin": "^10.0.2",
    "firebase-functions": "^3.18.0"
  },
  "devDependencies": {
    "firebase-functions-test": "^0.2.0"
  },
  "private": true
}
[debug] [2022-08-05T19:07:47.382Z] Building nodejs source
[debug] [2022-08-05T19:07:47.382Z] Analyzing nodejs backend spec
[debug] [2022-08-05T19:07:47.383Z] Could not find functions.yaml. Must use http discovery
[debug] [2022-08-05T19:07:47.508Z] Serving at port 9005

[debug] [2022-08-05T19:07:47.553Z] Got response from /__/functions.yaml {"endpoints":{"geocode":{"platform":"gcfv1","httpsTrigger":{},"entryPoint":"geocode"},"placesNearby":{"platform":"gcfv1","httpsTrigger":{},"entryPoint":"placesNearby"}},"specVersion":"v1alpha1","requiredAPIs":[]}
[debug] [2022-08-05T19:07:47.556Z] shutdown requested via /__/quitquitquit

[info] ✔  functions[us-central1-geocode]: http function initialized (http://localhost:5001/mealstogo-cf96a/us-central1/geocode). {"metadata":{"emulator":{"name":"functions"},"message":"\u001b[1mhttp\u001b[22m function initialized (http://localhost:5001/mealstogo-cf96a/us-central1/geocode)."}}
[info] ✔  functions[us-central1-placesNearby]: http function initialized (http://localhost:5001/mealstogo-cf96a/us-central1/placesNearby). {"metadata":{"emulator":{"name":"functions"},"message":"\u001b[1mhttp\u001b[22m function initialized (http://localhost:5001/mealstogo-cf96a/us-central1/placesNearby)."}}
[info] 
┌─────────────────────────────────────────────────────────────┐
│ ✔  All emulators ready! It is now safe to connect your app. │
│ i  View Emulator UI at http://localhost:4000                │
└─────────────────────────────────────────────────────────────┘

┌───────────┬────────────────┬─────────────────────────────────┐
│ Emulator  │ Host:Port      │ View in Emulator UI             │
├───────────┼────────────────┼─────────────────────────────────┤
│ Functions │ localhost:5001 │ http://localhost:4000/functions │
└───────────┴────────────────┴─────────────────────────────────┘
  Emulator Hub running at localhost:4400
  Other reserved ports: 4500

Issues? Report them at https://github.com/firebase/firebase-tools/issues and attach the *-debug.log files.
 
[debug] [2022-08-05T19:09:07.545Z] [work-queue] {"queueLength":1,"workRunningCount":0}
[debug] [2022-08-05T19:09:07.545Z] [work-queue] {"queueLength":0,"workRunningCount":1}
[debug] [2022-08-05T19:09:07.545Z] Accepted request GET /mealstogo-cf96a/us-central1/placesNearby?location=43.653225,-79.383186 --> us-central1-placesNearby
[debug] [2022-08-05T19:09:07.550Z] [worker-pool] addWorker(us-central1-placesNearby) {"metadata":{"emulator":{"name":"functions"},"message":"[worker-pool] addWorker(us-central1-placesNearby)"}}
[debug] [2022-08-05T19:09:07.551Z] [worker-pool] Adding worker with key us-central1-placesNearby, total=1 {"metadata":{"emulator":{"name":"functions"},"message":"[worker-pool] Adding worker with key us-central1-placesNearby, total=1"}}
[debug] [2022-08-05T19:09:07.551Z] [worker-pool] submitWork(triggerId=us-central1-placesNearby) {"metadata":{"emulator":{"name":"functions"},"message":"[worker-pool] submitWork(triggerId=us-central1-placesNearby)"}}
[debug] [2022-08-05T19:09:07.551Z] [worker-us-central1-placesNearby-599fc47b-2b57-4ace-8c07-08c1aaf510fb]: BUSY {"metadata":{"emulator":{"name":"functions"},"message":"[worker-us-central1-placesNearby-599fc47b-2b57-4ace-8c07-08c1aaf510fb]: BUSY"}}
[debug] [2022-08-05T19:09:08.842Z] [runtime-status] [82190] Resolved module firebase-admin {"declared":true,"installed":true,"version":"10.3.0","resolution":"/Users/griffinbaker/Desktop/meals-to-go/MealsToGo/functions/node_modules/firebase-admin/lib/index.js"} {"metadata":{"emulator":{"name":"functions"},"function":{"name":"us-central1-placesNearby"},"extension":{},"message":"[runtime-status] [82190] Resolved module firebase-admin {\"declared\":true,\"installed\":true,\"version\":\"10.3.0\",\"resolution\":\"/Users/griffinbaker/Desktop/meals-to-go/MealsToGo/functions/node_modules/firebase-admin/lib/index.js\"}"}}
[debug] [2022-08-05T19:09:08.843Z] [runtime-status] [82190] Resolved module firebase-functions {"declared":true,"installed":true,"version":"3.22.0","resolution":"/Users/griffinbaker/Desktop/meals-to-go/MealsToGo/functions/node_modules/firebase-functions/lib/index.js"} {"metadata":{"emulator":{"name":"functions"},"function":{"name":"us-central1-placesNearby"},"extension":{},"message":"[runtime-status] [82190] Resolved module firebase-functions {\"declared\":true,\"installed\":true,\"version\":\"3.22.0\",\"resolution\":\"/Users/griffinbaker/Desktop/meals-to-go/MealsToGo/functions/node_modules/firebase-functions/lib/index.js\"}"}}
[debug] [2022-08-05T19:09:08.843Z] [runtime-status] [82190] Outgoing network have been stubbed. [{"name":"http","status":"mocked"},{"name":"http","status":"mocked"},{"name":"https","status":"mocked"},{"name":"https","status":"mocked"},{"name":"net","status":"mocked"}] {"metadata":{"emulator":{"name":"functions"},"function":{"name":"us-central1-placesNearby"},"extension":{},"message":"[runtime-status] [82190] Outgoing network have been stubbed. [{\"name\":\"http\",\"status\":\"mocked\"},{\"name\":\"http\",\"status\":\"mocked\"},{\"name\":\"https\",\"status\":\"mocked\"},{\"name\":\"https\",\"status\":\"mocked\"},{\"name\":\"net\",\"status\":\"mocked\"}]"}}
[debug] [2022-08-05T19:09:08.843Z] [runtime-status] [82190] Resolved module firebase-functions {"declared":true,"installed":true,"version":"3.22.0","resolution":"/Users/griffinbaker/Desktop/meals-to-go/MealsToGo/functions/node_modules/firebase-functions/lib/index.js"} {"metadata":{"emulator":{"name":"functions"},"function":{"name":"us-central1-placesNearby"},"extension":{},"message":"[runtime-status] [82190] Resolved module firebase-functions {\"declared\":true,\"installed\":true,\"version\":\"3.22.0\",\"resolution\":\"/Users/griffinbaker/Desktop/meals-to-go/MealsToGo/functions/node_modules/firebase-functions/lib/index.js\"}"}}
[debug] [2022-08-05T19:09:08.897Z] [runtime-status] [82190] Checked functions.config() {"config":{}} {"metadata":{"emulator":{"name":"functions"},"function":{"name":"us-central1-placesNearby"},"extension":{},"message":"[runtime-status] [82190] Checked functions.config() {\"config\":{}}"}}
[debug] [2022-08-05T19:09:08.897Z] [runtime-status] [82190] firebase-functions has been stubbed. {"functionsResolution":{"declared":true,"installed":true,"version":"3.22.0","resolution":"/Users/griffinbaker/Desktop/meals-to-go/MealsToGo/functions/node_modules/firebase-functions/lib/index.js"}} {"metadata":{"emulator":{"name":"functions"},"function":{"name":"us-central1-placesNearby"},"extension":{},"message":"[runtime-status] [82190] firebase-functions has been stubbed. {\"functionsResolution\":{\"declared\":true,\"installed\":true,\"version\":\"3.22.0\",\"resolution\":\"/Users/griffinbaker/Desktop/meals-to-go/MealsToGo/functions/node_modules/firebase-functions/lib/index.js\"}}"}}
[debug] [2022-08-05T19:09:08.897Z] [runtime-status] [82190] Resolved module firebase-functions {"declared":true,"installed":true,"version":"3.22.0","resolution":"/Users/griffinbaker/Desktop/meals-to-go/MealsToGo/functions/node_modules/firebase-functions/lib/index.js"} {"metadata":{"emulator":{"name":"functions"},"function":{"name":"us-central1-placesNearby"},"extension":{},"message":"[runtime-status] [82190] Resolved module firebase-functions {\"declared\":true,\"installed\":true,\"version\":\"3.22.0\",\"resolution\":\"/Users/griffinbaker/Desktop/meals-to-go/MealsToGo/functions/node_modules/firebase-functions/lib/index.js\"}"}}
[debug] [2022-08-05T19:09:08.898Z] [runtime-status] [82190] Resolved module firebase-admin {"declared":true,"installed":true,"version":"10.3.0","resolution":"/Users/griffinbaker/Desktop/meals-to-go/MealsToGo/functions/node_modules/firebase-admin/lib/index.js"} {"metadata":{"emulator":{"name":"functions"},"function":{"name":"us-central1-placesNearby"},"extension":{},"message":"[runtime-status] [82190] Resolved module firebase-admin {\"declared\":true,\"installed\":true,\"version\":\"10.3.0\",\"resolution\":\"/Users/griffinbaker/Desktop/meals-to-go/MealsToGo/functions/node_modules/firebase-admin/lib/index.js\"}"}}
[debug] [2022-08-05T19:09:08.900Z] [runtime-status] [82190] Resolved module firebase-functions {"declared":true,"installed":true,"version":"3.22.0","resolution":"/Users/griffinbaker/Desktop/meals-to-go/MealsToGo/functions/node_modules/firebase-functions/lib/index.js"} {"metadata":{"emulator":{"name":"functions"},"function":{"name":"us-central1-placesNearby"},"extension":{},"message":"[runtime-status] [82190] Resolved module firebase-functions {\"declared\":true,\"installed\":true,\"version\":\"3.22.0\",\"resolution\":\"/Users/griffinbaker/Desktop/meals-to-go/MealsToGo/functions/node_modules/firebase-functions/lib/index.js\"}"}}
[debug] [2022-08-05T19:09:08.900Z] [runtime-status] [82190] firebase-admin has been stubbed. {"adminResolution":{"declared":true,"installed":true,"version":"10.3.0","resolution":"/Users/griffinbaker/Desktop/meals-to-go/MealsToGo/functions/node_modules/firebase-admin/lib/index.js"}} {"metadata":{"emulator":{"name":"functions"},"function":{"name":"us-central1-placesNearby"},"extension":{},"message":"[runtime-status] [82190] firebase-admin has been stubbed. {\"adminResolution\":{\"declared\":true,\"installed\":true,\"version\":\"10.3.0\",\"resolution\":\"/Users/griffinbaker/Desktop/meals-to-go/MealsToGo/functions/node_modules/firebase-admin/lib/index.js\"}}"}}
[debug] [2022-08-05T19:09:08.900Z] [runtime-status] [82190] Functions runtime initialized. {"cwd":"/Users/griffinbaker/Desktop/meals-to-go/MealsToGo/functions","node_version":"17.7.2"} {"metadata":{"emulator":{"name":"functions"},"function":{"name":"us-central1-placesNearby"},"extension":{},"message":"[runtime-status] [82190] Functions runtime initialized. {\"cwd\":\"/Users/griffinbaker/Desktop/meals-to-go/MealsToGo/functions\",\"node_version\":\"17.7.2\"}"}}
[debug] [2022-08-05T19:09:08.906Z] [runtime-status] [82190] Beginning invocation function placesNearby! {"metadata":{"emulator":{"name":"functions"},"function":{"name":"us-central1-placesNearby"},"extension":{},"message":"[runtime-status] [82190] Beginning invocation function placesNearby!"}}
[info] i  functions: Beginning execution of "placesNearby" {"metadata":{"emulator":{"name":"functions"},"function":{"name":"us-central1-placesNearby"},"extension":{},"message":"Beginning execution of \"placesNearby\""}}
[debug] [2022-08-05T19:09:08.906Z] [runtime-status] [82190] Running placesNearby in signature http {"metadata":{"emulator":{"name":"functions"},"function":{"name":"us-central1-placesNearby"},"extension":{},"message":"[runtime-status] [82190] Running placesNearby in signature http"}}
[debug] [2022-08-05T19:09:08.910Z] [runtime-status] [82190] Listening to port: /var/folders/0m/j3j79nvs48q_kxk5tbz1lxvh0000gn/T/fire_emu_c1ecdf6989af549e.sock {"metadata":{"emulator":{"name":"functions"},"function":{"name":"us-central1-placesNearby"},"extension":{},"message":"[runtime-status] [82190] Listening to port: /var/folders/0m/j3j79nvs48q_kxk5tbz1lxvh0000gn/T/fire_emu_c1ecdf6989af549e.sock"}}
[debug] [2022-08-05T19:09:08.975Z] [functions] Runtime ready! Sending request! {"metadata":{"emulator":{"name":"functions"},"message":"[functions] Runtime ready! Sending request!"}}
[debug] [2022-08-05T19:09:08.976Z] [functions] Got req.url=/mealstogo-cf96a/us-central1/placesNearby?location=43.653225,-79.383186, mapping to path=/?location=43.653225,-79.383186 {"metadata":{"emulator":{"name":"functions"},"message":"[functions] Got req.url=/mealstogo-cf96a/us-central1/placesNearby?location=43.653225,-79.383186, mapping to path=/?location=43.653225,-79.383186"}}
[debug] [2022-08-05T19:09:08.977Z] [runtime-status] [82190] Ephemeral server handling GET request {"metadata":{"emulator":{"name":"functions"},"function":{"name":"us-central1-placesNearby"},"extension":{},"message":"[runtime-status] [82190] Ephemeral server handling GET request"}}
[debug] [2022-08-05T19:09:08.979Z] [runtime-status] [82190] Ephemeral server survived. {"metadata":{"emulator":{"name":"functions"},"function":{"name":"us-central1-placesNearby"},"extension":{},"message":"[runtime-status] [82190] Ephemeral server survived."}}
[info] i  functions: Finished "placesNearby" in ~1s {"metadata":{"emulator":{"name":"functions"},"function":{"name":"us-central1-placesNearby"},"extension":{},"message":"Finished \"placesNearby\" in ~1s"}}
[debug] [2022-08-05T19:09:08.979Z] [worker-us-central1-placesNearby-599fc47b-2b57-4ace-8c07-08c1aaf510fb]: IDLE {"metadata":{"emulator":{"name":"functions"},"message":"[worker-us-central1-placesNearby-599fc47b-2b57-4ace-8c07-08c1aaf510fb]: IDLE"}}
[debug] [2022-08-05T19:09:08.980Z] [work-queue] {"queueLength":0,"workRunningCount":0}
[debug] [2022-08-05T19:10:06.961Z] [work-queue] {"queueLength":1,"workRunningCount":0}
[debug] [2022-08-05T19:10:06.961Z] [work-queue] {"queueLength":0,"workRunningCount":1}
[debug] [2022-08-05T19:10:06.961Z] Accepted request GET /mealstogo-cf96a/us-central1/placesNearby?location=43.653225,-79.383186 --> us-central1-placesNearby
[debug] [2022-08-05T19:10:06.961Z] [worker-pool] submitWork(triggerId=us-central1-placesNearby) {"metadata":{"emulator":{"name":"functions"},"message":"[worker-pool] submitWork(triggerId=us-central1-placesNearby)"}}
[debug] [2022-08-05T19:10:06.961Z] [worker-us-central1-placesNearby-599fc47b-2b57-4ace-8c07-08c1aaf510fb]: BUSY {"metadata":{"emulator":{"name":"functions"},"message":"[worker-us-central1-placesNearby-599fc47b-2b57-4ace-8c07-08c1aaf510fb]: BUSY"}}
[debug] [2022-08-05T19:10:06.962Z] [runtime-status] [82190] Beginning invocation function placesNearby! {"metadata":{"emulator":{"name":"functions"},"function":{"name":"us-central1-placesNearby"},"extension":{},"message":"[runtime-status] [82190] Beginning invocation function placesNearby!"}}
[info] i  functions: Beginning execution of "placesNearby" {"metadata":{"emulator":{"name":"functions"},"function":{"name":"us-central1-placesNearby"},"extension":{},"message":"Beginning execution of \"placesNearby\""}}
[debug] [2022-08-05T19:10:06.963Z] [runtime-status] [82190] Running placesNearby in signature http {"metadata":{"emulator":{"name":"functions"},"function":{"name":"us-central1-placesNearby"},"extension":{},"message":"[runtime-status] [82190] Running placesNearby in signature http"}}
[debug] [2022-08-05T19:10:06.963Z] [runtime-status] [82190] Listening to port: /var/folders/0m/j3j79nvs48q_kxk5tbz1lxvh0000gn/T/fire_emu_c1ecdf6989af549e.sock {"metadata":{"emulator":{"name":"functions"},"function":{"name":"us-central1-placesNearby"},"extension":{},"message":"[runtime-status] [82190] Listening to port: /var/folders/0m/j3j79nvs48q_kxk5tbz1lxvh0000gn/T/fire_emu_c1ecdf6989af549e.sock"}}
[debug] [2022-08-05T19:10:07.066Z] [functions] Runtime ready! Sending request! {"metadata":{"emulator":{"name":"functions"},"message":"[functions] Runtime ready! Sending request!"}}
[debug] [2022-08-05T19:10:07.066Z] [functions] Got req.url=/mealstogo-cf96a/us-central1/placesNearby?location=43.653225,-79.383186, mapping to path=/?location=43.653225,-79.383186 {"metadata":{"emulator":{"name":"functions"},"message":"[functions] Got req.url=/mealstogo-cf96a/us-central1/placesNearby?location=43.653225,-79.383186, mapping to path=/?location=43.653225,-79.383186"}}
[debug] [2022-08-05T19:10:07.067Z] [runtime-status] [82190] Ephemeral server handling GET request {"metadata":{"emulator":{"name":"functions"},"function":{"name":"us-central1-placesNearby"},"extension":{},"message":"[runtime-status] [82190] Ephemeral server handling GET request"}}
[debug] [2022-08-05T19:10:07.068Z] [runtime-status] [82190] Ephemeral server survived. {"metadata":{"emulator":{"name":"functions"},"function":{"name":"us-central1-placesNearby"},"extension":{},"message":"[runtime-status] [82190] Ephemeral server survived."}}
[info] i  functions: Finished "placesNearby" in ~1s {"metadata":{"emulator":{"name":"functions"},"function":{"name":"us-central1-placesNearby"},"extension":{},"message":"Finished \"placesNearby\" in ~1s"}}
[debug] [2022-08-05T19:10:07.069Z] [worker-us-central1-placesNearby-599fc47b-2b57-4ace-8c07-08c1aaf510fb]: IDLE {"metadata":{"emulator":{"name":"functions"},"message":"[worker-us-central1-placesNearby-599fc47b-2b57-4ace-8c07-08c1aaf510fb]: IDLE"}}
[debug] [2022-08-05T19:10:07.069Z] [work-queue] {"queueLength":0,"workRunningCount":0}
[debug] [2022-08-05T19:11:44.449Z] [work-queue] {"queueLength":1,"workRunningCount":0}
[debug] [2022-08-05T19:11:44.449Z] [work-queue] {"queueLength":0,"workRunningCount":1}
[debug] [2022-08-05T19:11:44.449Z] Accepted request GET /mealstogo-cf96a/us-central1/placesNearby?location=43.653225,-79.383186 --> us-central1-placesNearby
[debug] [2022-08-05T19:11:44.449Z] [worker-pool] submitWork(triggerId=us-central1-placesNearby) {"metadata":{"emulator":{"name":"functions"},"message":"[worker-pool] submitWork(triggerId=us-central1-placesNearby)"}}
[debug] [2022-08-05T19:11:44.449Z] [worker-us-central1-placesNearby-599fc47b-2b57-4ace-8c07-08c1aaf510fb]: BUSY {"metadata":{"emulator":{"name":"functions"},"message":"[worker-us-central1-placesNearby-599fc47b-2b57-4ace-8c07-08c1aaf510fb]: BUSY"}}
[debug] [2022-08-05T19:11:44.449Z] [runtime-status] [82190] Beginning invocation function placesNearby! {"metadata":{"emulator":{"name":"functions"},"function":{"name":"us-central1-placesNearby"},"extension":{},"message":"[runtime-status] [82190] Beginning invocation function placesNearby!"}}
[info] i  functions: Beginning execution of "placesNearby" {"metadata":{"emulator":{"name":"functions"},"function":{"name":"us-central1-placesNearby"},"extension":{},"message":"Beginning execution of \"placesNearby\""}}
[debug] [2022-08-05T19:11:44.450Z] [runtime-status] [82190] Running placesNearby in signature http {"metadata":{"emulator":{"name":"functions"},"function":{"name":"us-central1-placesNearby"},"extension":{},"message":"[runtime-status] [82190] Running placesNearby in signature http"}}
[debug] [2022-08-05T19:11:44.450Z] [runtime-status] [82190] Listening to port: /var/folders/0m/j3j79nvs48q_kxk5tbz1lxvh0000gn/T/fire_emu_c1ecdf6989af549e.sock {"metadata":{"emulator":{"name":"functions"},"function":{"name":"us-central1-placesNearby"},"extension":{},"message":"[runtime-status] [82190] Listening to port: /var/folders/0m/j3j79nvs48q_kxk5tbz1lxvh0000gn/T/fire_emu_c1ecdf6989af549e.sock"}}
[debug] [2022-08-05T19:11:44.552Z] [functions] Runtime ready! Sending request! {"metadata":{"emulator":{"name":"functions"},"message":"[functions] Runtime ready! Sending request!"}}
[debug] [2022-08-05T19:11:44.552Z] [functions] Got req.url=/mealstogo-cf96a/us-central1/placesNearby?location=43.653225,-79.383186, mapping to path=/?location=43.653225,-79.383186 {"metadata":{"emulator":{"name":"functions"},"message":"[functions] Got req.url=/mealstogo-cf96a/us-central1/placesNearby?location=43.653225,-79.383186, mapping to path=/?location=43.653225,-79.383186"}}
[debug] [2022-08-05T19:11:44.553Z] [runtime-status] [82190] Ephemeral server handling GET request {"metadata":{"emulator":{"name":"functions"},"function":{"name":"us-central1-placesNearby"},"extension":{},"message":"[runtime-status] [82190] Ephemeral server handling GET request"}}
[debug] [2022-08-05T19:11:44.554Z] [runtime-status] [82190] Ephemeral server survived. {"metadata":{"emulator":{"name":"functions"},"function":{"name":"us-central1-placesNearby"},"extension":{},"message":"[runtime-status] [82190] Ephemeral server survived."}}
[info] i  functions: Finished "placesNearby" in ~1s {"metadata":{"emulator":{"name":"functions"},"function":{"name":"us-central1-placesNearby"},"extension":{},"message":"Finished \"placesNearby\" in ~1s"}}
[debug] [2022-08-05T19:11:44.555Z] [worker-us-central1-placesNearby-599fc47b-2b57-4ace-8c07-08c1aaf510fb]: IDLE {"metadata":{"emulator":{"name":"functions"},"message":"[worker-us-central1-placesNearby-599fc47b-2b57-4ace-8c07-08c1aaf510fb]: IDLE"}}
[debug] [2022-08-05T19:11:44.555Z] [work-queue] {"queueLength":0,"workRunningCount":0}
[debug] [2022-08-05T19:12:12.834Z] [work-queue] {"queueLength":1,"workRunningCount":0}
[debug] [2022-08-05T19:12:12.835Z] [work-queue] {"queueLength":0,"workRunningCount":1}
[debug] [2022-08-05T19:12:12.835Z] Accepted request GET /mealstogo-cf96a/us-central1/placesNearby?location=43.653225,-79.383186 --> us-central1-placesNearby
[debug] [2022-08-05T19:12:12.835Z] [worker-pool] submitWork(triggerId=us-central1-placesNearby) {"metadata":{"emulator":{"name":"functions"},"message":"[worker-pool] submitWork(triggerId=us-central1-placesNearby)"}}
[debug] [2022-08-05T19:12:12.835Z] [worker-us-central1-placesNearby-599fc47b-2b57-4ace-8c07-08c1aaf510fb]: BUSY {"metadata":{"emulator":{"name":"functions"},"message":"[worker-us-central1-placesNearby-599fc47b-2b57-4ace-8c07-08c1aaf510fb]: BUSY"}}
[debug] [2022-08-05T19:12:12.837Z] [runtime-status] [82190] Beginning invocation function placesNearby! {"metadata":{"emulator":{"name":"functions"},"function":{"name":"us-central1-placesNearby"},"extension":{},"message":"[runtime-status] [82190] Beginning invocation function placesNearby!"}}
[info] i  functions: Beginning execution of "placesNearby" {"metadata":{"emulator":{"name":"functions"},"function":{"name":"us-central1-placesNearby"},"extension":{},"message":"Beginning execution of \"placesNearby\""}}
[debug] [2022-08-05T19:12:12.838Z] [runtime-status] [82190] Running placesNearby in signature http {"metadata":{"emulator":{"name":"functions"},"function":{"name":"us-central1-placesNearby"},"extension":{},"message":"[runtime-status] [82190] Running placesNearby in signature http"}}
[debug] [2022-08-05T19:12:12.839Z] [runtime-status] [82190] Listening to port: /var/folders/0m/j3j79nvs48q_kxk5tbz1lxvh0000gn/T/fire_emu_c1ecdf6989af549e.sock {"metadata":{"emulator":{"name":"functions"},"function":{"name":"us-central1-placesNearby"},"extension":{},"message":"[runtime-status] [82190] Listening to port: /var/folders/0m/j3j79nvs48q_kxk5tbz1lxvh0000gn/T/fire_emu_c1ecdf6989af549e.sock"}}
[debug] [2022-08-05T19:12:12.851Z] [work-queue] {"queueLength":1,"workRunningCount":1}
[debug] [2022-08-05T19:12:12.851Z] [work-queue] {"queueLength":0,"workRunningCount":2}
[debug] [2022-08-05T19:12:12.851Z] Accepted request GET /mealstogo-cf96a/us-central1/geocode?city=toronto --> us-central1-geocode
[debug] [2022-08-05T19:12:12.856Z] [worker-pool] addWorker(us-central1-geocode) {"metadata":{"emulator":{"name":"functions"},"message":"[worker-pool] addWorker(us-central1-geocode)"}}
[debug] [2022-08-05T19:12:12.856Z] [worker-pool] Adding worker with key us-central1-geocode, total=1 {"metadata":{"emulator":{"name":"functions"},"message":"[worker-pool] Adding worker with key us-central1-geocode, total=1"}}
[debug] [2022-08-05T19:12:12.856Z] [worker-pool] submitWork(triggerId=us-central1-geocode) {"metadata":{"emulator":{"name":"functions"},"message":"[worker-pool] submitWork(triggerId=us-central1-geocode)"}}
[debug] [2022-08-05T19:12:12.856Z] [worker-us-central1-geocode-3a466d66-ce3b-47e1-b2cb-008c59c131ca]: BUSY {"metadata":{"emulator":{"name":"functions"},"message":"[worker-us-central1-geocode-3a466d66-ce3b-47e1-b2cb-008c59c131ca]: BUSY"}}
[debug] [2022-08-05T19:12:12.939Z] [functions] Runtime ready! Sending request! {"metadata":{"emulator":{"name":"functions"},"message":"[functions] Runtime ready! Sending request!"}}
[debug] [2022-08-05T19:12:12.940Z] [functions] Got req.url=/mealstogo-cf96a/us-central1/placesNearby?location=43.653225,-79.383186, mapping to path=/?location=43.653225,-79.383186 {"metadata":{"emulator":{"name":"functions"},"message":"[functions] Got req.url=/mealstogo-cf96a/us-central1/placesNearby?location=43.653225,-79.383186, mapping to path=/?location=43.653225,-79.383186"}}
[debug] [2022-08-05T19:12:12.940Z] [runtime-status] [82190] Ephemeral server handling GET request {"metadata":{"emulator":{"name":"functions"},"function":{"name":"us-central1-placesNearby"},"extension":{},"message":"[runtime-status] [82190] Ephemeral server handling GET request"}}
[debug] [2022-08-05T19:12:12.942Z] [runtime-status] [82190] Ephemeral server survived. {"metadata":{"emulator":{"name":"functions"},"function":{"name":"us-central1-placesNearby"},"extension":{},"message":"[runtime-status] [82190] Ephemeral server survived."}}
[info] i  functions: Finished "placesNearby" in ~1s {"metadata":{"emulator":{"name":"functions"},"function":{"name":"us-central1-placesNearby"},"extension":{},"message":"Finished \"placesNearby\" in ~1s"}}
[debug] [2022-08-05T19:12:12.943Z] [worker-us-central1-placesNearby-599fc47b-2b57-4ace-8c07-08c1aaf510fb]: IDLE {"metadata":{"emulator":{"name":"functions"},"message":"[worker-us-central1-placesNearby-599fc47b-2b57-4ace-8c07-08c1aaf510fb]: IDLE"}}
[debug] [2022-08-05T19:12:12.943Z] [work-queue] {"queueLength":0,"workRunningCount":1}
[debug] [2022-08-05T19:12:14.346Z] [runtime-status] [82376] Resolved module firebase-admin {"declared":true,"installed":true,"version":"10.3.0","resolution":"/Users/griffinbaker/Desktop/meals-to-go/MealsToGo/functions/node_modules/firebase-admin/lib/index.js"} {"metadata":{"emulator":{"name":"functions"},"function":{"name":"us-central1-geocode"},"extension":{},"message":"[runtime-status] [82376] Resolved module firebase-admin {\"declared\":true,\"installed\":true,\"version\":\"10.3.0\",\"resolution\":\"/Users/griffinbaker/Desktop/meals-to-go/MealsToGo/functions/node_modules/firebase-admin/lib/index.js\"}"}}
[debug] [2022-08-05T19:12:14.348Z] [runtime-status] [82376] Resolved module firebase-functions {"declared":true,"installed":true,"version":"3.22.0","resolution":"/Users/griffinbaker/Desktop/meals-to-go/MealsToGo/functions/node_modules/firebase-functions/lib/index.js"} {"metadata":{"emulator":{"name":"functions"},"function":{"name":"us-central1-geocode"},"extension":{},"message":"[runtime-status] [82376] Resolved module firebase-functions {\"declared\":true,\"installed\":true,\"version\":\"3.22.0\",\"resolution\":\"/Users/griffinbaker/Desktop/meals-to-go/MealsToGo/functions/node_modules/firebase-functions/lib/index.js\"}"}}
[debug] [2022-08-05T19:12:14.348Z] [runtime-status] [82376] Outgoing network have been stubbed. [{"name":"http","status":"mocked"},{"name":"http","status":"mocked"},{"name":"https","status":"mocked"},{"name":"https","status":"mocked"},{"name":"net","status":"mocked"}] {"metadata":{"emulator":{"name":"functions"},"function":{"name":"us-central1-geocode"},"extension":{},"message":"[runtime-status] [82376] Outgoing network have been stubbed. [{\"name\":\"http\",\"status\":\"mocked\"},{\"name\":\"http\",\"status\":\"mocked\"},{\"name\":\"https\",\"status\":\"mocked\"},{\"name\":\"https\",\"status\":\"mocked\"},{\"name\":\"net\",\"status\":\"mocked\"}]"}}
[debug] [2022-08-05T19:12:14.348Z] [runtime-status] [82376] Resolved module firebase-functions {"declared":true,"installed":true,"version":"3.22.0","resolution":"/Users/griffinbaker/Desktop/meals-to-go/MealsToGo/functions/node_modules/firebase-functions/lib/index.js"} {"metadata":{"emulator":{"name":"functions"},"function":{"name":"us-central1-geocode"},"extension":{},"message":"[runtime-status] [82376] Resolved module firebase-functions {\"declared\":true,\"installed\":true,\"version\":\"3.22.0\",\"resolution\":\"/Users/griffinbaker/Desktop/meals-to-go/MealsToGo/functions/node_modules/firebase-functions/lib/index.js\"}"}}
[debug] [2022-08-05T19:12:14.394Z] [runtime-status] [82376] Checked functions.config() {"config":{}} {"metadata":{"emulator":{"name":"functions"},"function":{"name":"us-central1-geocode"},"extension":{},"message":"[runtime-status] [82376] Checked functions.config() {\"config\":{}}"}}
[debug] [2022-08-05T19:12:14.394Z] [runtime-status] [82376] firebase-functions has been stubbed. {"functionsResolution":{"declared":true,"installed":true,"version":"3.22.0","resolution":"/Users/griffinbaker/Desktop/meals-to-go/MealsToGo/functions/node_modules/firebase-functions/lib/index.js"}} {"metadata":{"emulator":{"name":"functions"},"function":{"name":"us-central1-geocode"},"extension":{},"message":"[runtime-status] [82376] firebase-functions has been stubbed. {\"functionsResolution\":{\"declared\":true,\"installed\":true,\"version\":\"3.22.0\",\"resolution\":\"/Users/griffinbaker/Desktop/meals-to-go/MealsToGo/functions/node_modules/firebase-functions/lib/index.js\"}}"}}
[debug] [2022-08-05T19:12:14.394Z] [runtime-status] [82376] Resolved module firebase-functions {"declared":true,"installed":true,"version":"3.22.0","resolution":"/Users/griffinbaker/Desktop/meals-to-go/MealsToGo/functions/node_modules/firebase-functions/lib/index.js"} {"metadata":{"emulator":{"name":"functions"},"function":{"name":"us-central1-geocode"},"extension":{},"message":"[runtime-status] [82376] Resolved module firebase-functions {\"declared\":true,\"installed\":true,\"version\":\"3.22.0\",\"resolution\":\"/Users/griffinbaker/Desktop/meals-to-go/MealsToGo/functions/node_modules/firebase-functions/lib/index.js\"}"}}
[debug] [2022-08-05T19:12:14.395Z] [runtime-status] [82376] Resolved module firebase-admin {"declared":true,"installed":true,"version":"10.3.0","resolution":"/Users/griffinbaker/Desktop/meals-to-go/MealsToGo/functions/node_modules/firebase-admin/lib/index.js"} {"metadata":{"emulator":{"name":"functions"},"function":{"name":"us-central1-geocode"},"extension":{},"message":"[runtime-status] [82376] Resolved module firebase-admin {\"declared\":true,\"installed\":true,\"version\":\"10.3.0\",\"resolution\":\"/Users/griffinbaker/Desktop/meals-to-go/MealsToGo/functions/node_modules/firebase-admin/lib/index.js\"}"}}
[debug] [2022-08-05T19:12:14.395Z] [runtime-status] [82376] Resolved module firebase-functions {"declared":true,"installed":true,"version":"3.22.0","resolution":"/Users/griffinbaker/Desktop/meals-to-go/MealsToGo/functions/node_modules/firebase-functions/lib/index.js"} {"metadata":{"emulator":{"name":"functions"},"function":{"name":"us-central1-geocode"},"extension":{},"message":"[runtime-status] [82376] Resolved module firebase-functions {\"declared\":true,\"installed\":true,\"version\":\"3.22.0\",\"resolution\":\"/Users/griffinbaker/Desktop/meals-to-go/MealsToGo/functions/node_modules/firebase-functions/lib/index.js\"}"}}
[debug] [2022-08-05T19:12:14.395Z] [runtime-status] [82376] firebase-admin has been stubbed. {"adminResolution":{"declared":true,"installed":true,"version":"10.3.0","resolution":"/Users/griffinbaker/Desktop/meals-to-go/MealsToGo/functions/node_modules/firebase-admin/lib/index.js"}} {"metadata":{"emulator":{"name":"functions"},"function":{"name":"us-central1-geocode"},"extension":{},"message":"[runtime-status] [82376] firebase-admin has been stubbed. {\"adminResolution\":{\"declared\":true,\"installed\":true,\"version\":\"10.3.0\",\"resolution\":\"/Users/griffinbaker/Desktop/meals-to-go/MealsToGo/functions/node_modules/firebase-admin/lib/index.js\"}}"}}
[debug] [2022-08-05T19:12:14.395Z] [runtime-status] [82376] Functions runtime initialized. {"cwd":"/Users/griffinbaker/Desktop/meals-to-go/MealsToGo/functions","node_version":"17.7.2"} {"metadata":{"emulator":{"name":"functions"},"function":{"name":"us-central1-geocode"},"extension":{},"message":"[runtime-status] [82376] Functions runtime initialized. {\"cwd\":\"/Users/griffinbaker/Desktop/meals-to-go/MealsToGo/functions\",\"node_version\":\"17.7.2\"}"}}
[debug] [2022-08-05T19:12:14.414Z] [runtime-status] [82376] Beginning invocation function geocode! {"metadata":{"emulator":{"name":"functions"},"function":{"name":"us-central1-geocode"},"extension":{},"message":"[runtime-status] [82376] Beginning invocation function geocode!"}}
[info] i  functions: Beginning execution of "geocode" {"metadata":{"emulator":{"name":"functions"},"function":{"name":"us-central1-geocode"},"extension":{},"message":"Beginning execution of \"geocode\""}}
[debug] [2022-08-05T19:12:14.414Z] [runtime-status] [82376] Running geocode in signature http {"metadata":{"emulator":{"name":"functions"},"function":{"name":"us-central1-geocode"},"extension":{},"message":"[runtime-status] [82376] Running geocode in signature http"}}
[debug] [2022-08-05T19:12:14.417Z] [runtime-status] [82376] Listening to port: /var/folders/0m/j3j79nvs48q_kxk5tbz1lxvh0000gn/T/fire_emu_b8740e2f384eb4e8.sock {"metadata":{"emulator":{"name":"functions"},"function":{"name":"us-central1-geocode"},"extension":{},"message":"[runtime-status] [82376] Listening to port: /var/folders/0m/j3j79nvs48q_kxk5tbz1lxvh0000gn/T/fire_emu_b8740e2f384eb4e8.sock"}}
[debug] [2022-08-05T19:12:14.483Z] [functions] Runtime ready! Sending request! {"metadata":{"emulator":{"name":"functions"},"message":"[functions] Runtime ready! Sending request!"}}
[debug] [2022-08-05T19:12:14.484Z] [functions] Got req.url=/mealstogo-cf96a/us-central1/geocode?city=toronto, mapping to path=/?city=toronto {"metadata":{"emulator":{"name":"functions"},"message":"[functions] Got req.url=/mealstogo-cf96a/us-central1/geocode?city=toronto, mapping to path=/?city=toronto"}}
[debug] [2022-08-05T19:12:14.485Z] [runtime-status] [82376] Ephemeral server handling GET request {"metadata":{"emulator":{"name":"functions"},"function":{"name":"us-central1-geocode"},"extension":{},"message":"[runtime-status] [82376] Ephemeral server handling GET request"}}
[debug] [2022-08-05T19:12:14.488Z] [runtime-status] [82376] Ephemeral server survived. {"metadata":{"emulator":{"name":"functions"},"function":{"name":"us-central1-geocode"},"extension":{},"message":"[runtime-status] [82376] Ephemeral server survived."}}
[info] i  functions: Finished "geocode" in ~1s {"metadata":{"emulator":{"name":"functions"},"function":{"name":"us-central1-geocode"},"extension":{},"message":"Finished \"geocode\" in ~1s"}}
[debug] [2022-08-05T19:12:14.489Z] [worker-us-central1-geocode-3a466d66-ce3b-47e1-b2cb-008c59c131ca]: IDLE {"metadata":{"emulator":{"name":"functions"},"message":"[worker-us-central1-geocode-3a466d66-ce3b-47e1-b2cb-008c59c131ca]: IDLE"}}
[debug] [2022-08-05T19:12:14.489Z] [work-queue] {"queueLength":0,"workRunningCount":0}
[debug] [2022-08-05T19:12:14.691Z] [work-queue] {"queueLength":1,"workRunningCount":0}
[debug] [2022-08-05T19:12:14.691Z] [work-queue] {"queueLength":0,"workRunningCount":1}
[debug] [2022-08-05T19:12:14.691Z] Accepted request GET /mealstogo-cf96a/us-central1/placesNearby?location=43.653225,-79.383186 --> us-central1-placesNearby
[debug] [2022-08-05T19:12:14.691Z] [worker-pool] submitWork(triggerId=us-central1-placesNearby) {"metadata":{"emulator":{"name":"functions"},"message":"[worker-pool] submitWork(triggerId=us-central1-placesNearby)"}}
[debug] [2022-08-05T19:12:14.691Z] [worker-us-central1-placesNearby-599fc47b-2b57-4ace-8c07-08c1aaf510fb]: BUSY {"metadata":{"emulator":{"name":"functions"},"message":"[worker-us-central1-placesNearby-599fc47b-2b57-4ace-8c07-08c1aaf510fb]: BUSY"}}
[debug] [2022-08-05T19:12:14.692Z] [runtime-status] [82190] Beginning invocation function placesNearby! {"metadata":{"emulator":{"name":"functions"},"function":{"name":"us-central1-placesNearby"},"extension":{},"message":"[runtime-status] [82190] Beginning invocation function placesNearby!"}}
[info] i  functions: Beginning execution of "placesNearby" {"metadata":{"emulator":{"name":"functions"},"function":{"name":"us-central1-placesNearby"},"extension":{},"message":"Beginning execution of \"placesNearby\""}}
[debug] [2022-08-05T19:12:14.692Z] [runtime-status] [82190] Running placesNearby in signature http {"metadata":{"emulator":{"name":"functions"},"function":{"name":"us-central1-placesNearby"},"extension":{},"message":"[runtime-status] [82190] Running placesNearby in signature http"}}
[debug] [2022-08-05T19:12:14.700Z] [runtime-status] [82190] Listening to port: /var/folders/0m/j3j79nvs48q_kxk5tbz1lxvh0000gn/T/fire_emu_c1ecdf6989af549e.sock {"metadata":{"emulator":{"name":"functions"},"function":{"name":"us-central1-placesNearby"},"extension":{},"message":"[runtime-status] [82190] Listening to port: /var/folders/0m/j3j79nvs48q_kxk5tbz1lxvh0000gn/T/fire_emu_c1ecdf6989af549e.sock"}}
[debug] [2022-08-05T19:12:14.794Z] [functions] Runtime ready! Sending request! {"metadata":{"emulator":{"name":"functions"},"message":"[functions] Runtime ready! Sending request!"}}
[debug] [2022-08-05T19:12:14.794Z] [functions] Got req.url=/mealstogo-cf96a/us-central1/placesNearby?location=43.653225,-79.383186, mapping to path=/?location=43.653225,-79.383186 {"metadata":{"emulator":{"name":"functions"},"message":"[functions] Got req.url=/mealstogo-cf96a/us-central1/placesNearby?location=43.653225,-79.383186, mapping to path=/?location=43.653225,-79.383186"}}
[debug] [2022-08-05T19:12:14.794Z] [runtime-status] [82190] Ephemeral server handling GET request {"metadata":{"emulator":{"name":"functions"},"function":{"name":"us-central1-placesNearby"},"extension":{},"message":"[runtime-status] [82190] Ephemeral server handling GET request"}}
[debug] [2022-08-05T19:12:14.795Z] [runtime-status] [82190] Ephemeral server survived. {"metadata":{"emulator":{"name":"functions"},"function":{"name":"us-central1-placesNearby"},"extension":{},"message":"[runtime-status] [82190] Ephemeral server survived."}}
[info] i  functions: Finished "placesNearby" in ~1s {"metadata":{"emulator":{"name":"functions"},"function":{"name":"us-central1-placesNearby"},"extension":{},"message":"Finished \"placesNearby\" in ~1s"}}
[debug] [2022-08-05T19:12:14.796Z] [worker-us-central1-placesNearby-599fc47b-2b57-4ace-8c07-08c1aaf510fb]: IDLE {"metadata":{"emulator":{"name":"functions"},"message":"[worker-us-central1-placesNearby-599fc47b-2b57-4ace-8c07-08c1aaf510fb]: IDLE"}}
[debug] [2022-08-05T19:12:14.796Z] [work-queue] {"queueLength":0,"workRunningCount":0}
[debug] [2022-08-05T19:32:30.682Z] [work-queue] {"queueLength":1,"workRunningCount":0}
[debug] [2022-08-05T19:32:30.683Z] [work-queue] {"queueLength":0,"workRunningCount":1}
[debug] [2022-08-05T19:32:30.683Z] Accepted request GET /mealstogo-cf96a/us-central1/placesNearby?location=43.653225,-79.383186 --> us-central1-placesNearby
[debug] [2022-08-05T19:32:30.683Z] [worker-pool] submitWork(triggerId=us-central1-placesNearby) {"metadata":{"emulator":{"name":"functions"},"message":"[worker-pool] submitWork(triggerId=us-central1-placesNearby)"}}
[debug] [2022-08-05T19:32:30.683Z] [worker-us-central1-placesNearby-599fc47b-2b57-4ace-8c07-08c1aaf510fb]: BUSY {"metadata":{"emulator":{"name":"functions"},"message":"[worker-us-central1-placesNearby-599fc47b-2b57-4ace-8c07-08c1aaf510fb]: BUSY"}}
[debug] [2022-08-05T19:32:30.685Z] [runtime-status] [82190] Beginning invocation function placesNearby! {"metadata":{"emulator":{"name":"functions"},"function":{"name":"us-central1-placesNearby"},"extension":{},"message":"[runtime-status] [82190] Beginning invocation function placesNearby!"}}
[info] i  functions: Beginning execution of "placesNearby" {"metadata":{"emulator":{"name":"functions"},"function":{"name":"us-central1-placesNearby"},"extension":{},"message":"Beginning execution of \"placesNearby\""}}
[debug] [2022-08-05T19:32:30.692Z] [runtime-status] [82190] Running placesNearby in signature http {"metadata":{"emulator":{"name":"functions"},"function":{"name":"us-central1-placesNearby"},"extension":{},"message":"[runtime-status] [82190] Running placesNearby in signature http"}}
[debug] [2022-08-05T19:32:30.696Z] [runtime-status] [82190] Listening to port: /var/folders/0m/j3j79nvs48q_kxk5tbz1lxvh0000gn/T/fire_emu_c1ecdf6989af549e.sock {"metadata":{"emulator":{"name":"functions"},"function":{"name":"us-central1-placesNearby"},"extension":{},"message":"[runtime-status] [82190] Listening to port: /var/folders/0m/j3j79nvs48q_kxk5tbz1lxvh0000gn/T/fire_emu_c1ecdf6989af549e.sock"}}
[debug] [2022-08-05T19:32:30.746Z] [work-queue] {"queueLength":1,"workRunningCount":1}
[debug] [2022-08-05T19:32:30.746Z] [work-queue] {"queueLength":0,"workRunningCount":2}
[debug] [2022-08-05T19:32:30.746Z] Accepted request GET /mealstogo-cf96a/us-central1/geocode?city=toronto --> us-central1-geocode
[debug] [2022-08-05T19:32:30.746Z] [worker-pool] submitWork(triggerId=us-central1-geocode) {"metadata":{"emulator":{"name":"functions"},"message":"[worker-pool] submitWork(triggerId=us-central1-geocode)"}}
[debug] [2022-08-05T19:32:30.746Z] [worker-us-central1-geocode-3a466d66-ce3b-47e1-b2cb-008c59c131ca]: BUSY {"metadata":{"emulator":{"name":"functions"},"message":"[worker-us-central1-geocode-3a466d66-ce3b-47e1-b2cb-008c59c131ca]: BUSY"}}
[debug] [2022-08-05T19:32:30.750Z] [runtime-status] [82376] Beginning invocation function geocode! {"metadata":{"emulator":{"name":"functions"},"function":{"name":"us-central1-geocode"},"extension":{},"message":"[runtime-status] [82376] Beginning invocation function geocode!"}}
[info] i  functions: Beginning execution of "geocode" {"metadata":{"emulator":{"name":"functions"},"function":{"name":"us-central1-geocode"},"extension":{},"message":"Beginning execution of \"geocode\""}}
[debug] [2022-08-05T19:32:30.750Z] [runtime-status] [82376] Running geocode in signature http {"metadata":{"emulator":{"name":"functions"},"function":{"name":"us-central1-geocode"},"extension":{},"message":"[runtime-status] [82376] Running geocode in signature http"}}
[debug] [2022-08-05T19:32:30.751Z] [runtime-status] [82376] Listening to port: /var/folders/0m/j3j79nvs48q_kxk5tbz1lxvh0000gn/T/fire_emu_b8740e2f384eb4e8.sock {"metadata":{"emulator":{"name":"functions"},"function":{"name":"us-central1-geocode"},"extension":{},"message":"[runtime-status] [82376] Listening to port: /var/folders/0m/j3j79nvs48q_kxk5tbz1lxvh0000gn/T/fire_emu_b8740e2f384eb4e8.sock"}}
[debug] [2022-08-05T19:32:30.789Z] [functions] Runtime ready! Sending request! {"metadata":{"emulator":{"name":"functions"},"message":"[functions] Runtime ready! Sending request!"}}
[debug] [2022-08-05T19:32:30.790Z] [functions] Got req.url=/mealstogo-cf96a/us-central1/placesNearby?location=43.653225,-79.383186, mapping to path=/?location=43.653225,-79.383186 {"metadata":{"emulator":{"name":"functions"},"message":"[functions] Got req.url=/mealstogo-cf96a/us-central1/placesNearby?location=43.653225,-79.383186, mapping to path=/?location=43.653225,-79.383186"}}
[debug] [2022-08-05T19:32:30.791Z] [runtime-status] [82190] Ephemeral server handling GET request {"metadata":{"emulator":{"name":"functions"},"function":{"name":"us-central1-placesNearby"},"extension":{},"message":"[runtime-status] [82190] Ephemeral server handling GET request"}}
[debug] [2022-08-05T19:32:30.792Z] [runtime-status] [82190] Ephemeral server survived. {"metadata":{"emulator":{"name":"functions"},"function":{"name":"us-central1-placesNearby"},"extension":{},"message":"[runtime-status] [82190] Ephemeral server survived."}}
[info] i  functions: Finished "placesNearby" in ~1s {"metadata":{"emulator":{"name":"functions"},"function":{"name":"us-central1-placesNearby"},"extension":{},"message":"Finished \"placesNearby\" in ~1s"}}
[debug] [2022-08-05T19:32:30.805Z] [worker-us-central1-placesNearby-599fc47b-2b57-4ace-8c07-08c1aaf510fb]: IDLE {"metadata":{"emulator":{"name":"functions"},"message":"[worker-us-central1-placesNearby-599fc47b-2b57-4ace-8c07-08c1aaf510fb]: IDLE"}}
[debug] [2022-08-05T19:32:30.805Z] [work-queue] {"queueLength":0,"workRunningCount":1}
[debug] [2022-08-05T19:32:30.853Z] [functions] Runtime ready! Sending request! {"metadata":{"emulator":{"name":"functions"},"message":"[functions] Runtime ready! Sending request!"}}
[debug] [2022-08-05T19:32:30.854Z] [functions] Got req.url=/mealstogo-cf96a/us-central1/geocode?city=toronto, mapping to path=/?city=toronto {"metadata":{"emulator":{"name":"functions"},"message":"[functions] Got req.url=/mealstogo-cf96a/us-central1/geocode?city=toronto, mapping to path=/?city=toronto"}}
[debug] [2022-08-05T19:32:30.855Z] [runtime-status] [82376] Ephemeral server handling GET request {"metadata":{"emulator":{"name":"functions"},"function":{"name":"us-central1-geocode"},"extension":{},"message":"[runtime-status] [82376] Ephemeral server handling GET request"}}
[debug] [2022-08-05T19:32:30.856Z] [runtime-status] [82376] Ephemeral server survived. {"metadata":{"emulator":{"name":"functions"},"function":{"name":"us-central1-geocode"},"extension":{},"message":"[runtime-status] [82376] Ephemeral server survived."}}
[info] i  functions: Finished "geocode" in ~1s {"metadata":{"emulator":{"name":"functions"},"function":{"name":"us-central1-geocode"},"extension":{},"message":"Finished \"geocode\" in ~1s"}}
[debug] [2022-08-05T19:32:30.856Z] [worker-us-central1-geocode-3a466d66-ce3b-47e1-b2cb-008c59c131ca]: IDLE {"metadata":{"emulator":{"name":"functions"},"message":"[worker-us-central1-geocode-3a466d66-ce3b-47e1-b2cb-008c59c131ca]: IDLE"}}
[debug] [2022-08-05T19:32:30.856Z] [work-queue] {"queueLength":0,"workRunningCount":0}
[debug] [2022-08-05T19:32:31.349Z] [work-queue] {"queueLength":1,"workRunningCount":0}
[debug] [2022-08-05T19:32:31.349Z] [work-queue] {"queueLength":0,"workRunningCount":1}
[debug] [2022-08-05T19:32:31.349Z] Accepted request GET /mealstogo-cf96a/us-central1/placesNearby?location=43.653225,-79.383186 --> us-central1-placesNearby
[debug] [2022-08-05T19:32:31.349Z] [worker-pool] submitWork(triggerId=us-central1-placesNearby) {"metadata":{"emulator":{"name":"functions"},"message":"[worker-pool] submitWork(triggerId=us-central1-placesNearby)"}}
[debug] [2022-08-05T19:32:31.350Z] [worker-us-central1-placesNearby-599fc47b-2b57-4ace-8c07-08c1aaf510fb]: BUSY {"metadata":{"emulator":{"name":"functions"},"message":"[worker-us-central1-placesNearby-599fc47b-2b57-4ace-8c07-08c1aaf510fb]: BUSY"}}
[debug] [2022-08-05T19:32:31.353Z] [runtime-status] [82190] Beginning invocation function placesNearby! {"metadata":{"emulator":{"name":"functions"},"function":{"name":"us-central1-placesNearby"},"extension":{},"message":"[runtime-status] [82190] Beginning invocation function placesNearby!"}}
[info] i  functions: Beginning execution of "placesNearby" {"metadata":{"emulator":{"name":"functions"},"function":{"name":"us-central1-placesNearby"},"extension":{},"message":"Beginning execution of \"placesNearby\""}}
[debug] [2022-08-05T19:32:31.357Z] [runtime-status] [82190] Running placesNearby in signature http {"metadata":{"emulator":{"name":"functions"},"function":{"name":"us-central1-placesNearby"},"extension":{},"message":"[runtime-status] [82190] Running placesNearby in signature http"}}
[debug] [2022-08-05T19:32:31.359Z] [runtime-status] [82190] Listening to port: /var/folders/0m/j3j79nvs48q_kxk5tbz1lxvh0000gn/T/fire_emu_c1ecdf6989af549e.sock {"metadata":{"emulator":{"name":"functions"},"function":{"name":"us-central1-placesNearby"},"extension":{},"message":"[runtime-status] [82190] Listening to port: /var/folders/0m/j3j79nvs48q_kxk5tbz1lxvh0000gn/T/fire_emu_c1ecdf6989af549e.sock"}}
[debug] [2022-08-05T19:32:31.457Z] [functions] Runtime ready! Sending request! {"metadata":{"emulator":{"name":"functions"},"message":"[functions] Runtime ready! Sending request!"}}
[debug] [2022-08-05T19:32:31.457Z] [functions] Got req.url=/mealstogo-cf96a/us-central1/placesNearby?location=43.653225,-79.383186, mapping to path=/?location=43.653225,-79.383186 {"metadata":{"emulator":{"name":"functions"},"message":"[functions] Got req.url=/mealstogo-cf96a/us-central1/placesNearby?location=43.653225,-79.383186, mapping to path=/?location=43.653225,-79.383186"}}
[debug] [2022-08-05T19:32:31.458Z] [runtime-status] [82190] Ephemeral server handling GET request {"metadata":{"emulator":{"name":"functions"},"function":{"name":"us-central1-placesNearby"},"extension":{},"message":"[runtime-status] [82190] Ephemeral server handling GET request"}}
[debug] [2022-08-05T19:32:31.460Z] [runtime-status] [82190] Ephemeral server survived. {"metadata":{"emulator":{"name":"functions"},"function":{"name":"us-central1-placesNearby"},"extension":{},"message":"[runtime-status] [82190] Ephemeral server survived."}}
[info] i  functions: Finished "placesNearby" in ~1s {"metadata":{"emulator":{"name":"functions"},"function":{"name":"us-central1-placesNearby"},"extension":{},"message":"Finished \"placesNearby\" in ~1s"}}
[debug] [2022-08-05T19:32:31.463Z] [worker-us-central1-placesNearby-599fc47b-2b57-4ace-8c07-08c1aaf510fb]: IDLE {"metadata":{"emulator":{"name":"functions"},"message":"[worker-us-central1-placesNearby-599fc47b-2b57-4ace-8c07-08c1aaf510fb]: IDLE"}}
[debug] [2022-08-05T19:32:31.464Z] [work-queue] {"queueLength":0,"workRunningCount":0}
